[    0.000000] Linux version 4.15.0-212-generic (buildd@lcy02-amd64-083) (gcc version 7.5.0 (Ubuntu 7.5.0-3ubuntu1~18.04)) #223-Ubuntu SMP Tue May 23 13:09:22 UTC 2023 (Ubuntu 4.15.0-212.223-generic 4.15.18)
[    0.000000] Command line: BOOT_IMAGE=/boot/vmlinuz-4.15.0-212-generic root=LABEL=cloudimg-rootfs ro console=tty1 console=ttyS0
[    0.000000] KERNEL supported cpus:
[    0.000000]   Intel GenuineIntel
[    0.000000]   AMD AuthenticAMD
[    0.000000]   Centaur CentaurHauls
[    0.000000] x86/fpu: Supporting XSAVE feature 0x001: 'x87 floating point registers'
[    0.000000] x86/fpu: Supporting XSAVE feature 0x002: 'SSE registers'
[    0.000000] x86/fpu: Supporting XSAVE feature 0x004: 'AVX registers'
[    0.000000] x86/fpu: xstate_offset[2]:  576, xstate_sizes[2]:  256
[    0.000000] x86/fpu: Enabled xstate features 0x7, context size is 832 bytes, using 'standard' format.
[    0.000000] e820: BIOS-provided physical RAM map:
[    0.000000] BIOS-e820: [mem 0x0000000000000000-0x000000000009fbff] usable
[    0.000000] BIOS-e820: [mem 0x000000000009fc00-0x000000000009ffff] reserved
[    0.000000] BIOS-e820: [mem 0x00000000000f0000-0x00000000000fffff] reserved
[    0.000000] BIOS-e820: [mem 0x0000000000100000-0x00000000bffeffff] usable
[    0.000000] BIOS-e820: [mem 0x00000000bfff0000-0x00000000bfffffff] ACPI data
[    0.000000] BIOS-e820: [mem 0x00000000fec00000-0x00000000fec00fff] reserved
[    0.000000] BIOS-e820: [mem 0x00000000fee00000-0x00000000fee00fff] reserved
[    0.000000] BIOS-e820: [mem 0x00000000fffc0000-0x00000000ffffffff] reserved
[    0.000000] NX (Execute Disable) protection: active
[    0.000000] SMBIOS 2.5 present.
[    0.000000] DMI: innotek GmbH VirtualBox/VirtualBox, BIOS VirtualBox 12/01/2006
[    0.000000] Hypervisor detected: KVM
[    0.000000] e820: last_pfn = 0xbfff0 max_arch_pfn = 0x400000000
[    0.000000] MTRR: Disabled
[    0.000000] x86/PAT: MTRRs disabled, skipping PAT initialization too.
[    0.000000] CPU MTRRs all blank - virtualized system.
[    0.000000] x86/PAT: Configuration [0-7]: WB  WT  UC- UC  WB  WT  UC- UC  
[    0.000000] found SMP MP-table at [mem 0x0009fff0-0x0009ffff]
[    0.000000] Scanning 1 areas for low memory corruption
[    0.000000] RAMDISK: [mem 0x359cb000-0x36cdcfff]
[    0.000000] ACPI: Early table checksum verification disabled
[    0.000000] ACPI: RSDP 0x00000000000E0000 000024 (v02 VBOX  )
[    0.000000] ACPI: XSDT 0x00000000BFFF0030 00003C (v01 VBOX   VBOXXSDT 00000001 ASL  00000061)
[    0.000000] ACPI: FACP 0x00000000BFFF00F0 0000F4 (v04 VBOX   VBOXFACP 00000001 ASL  00000061)
[    0.000000] ACPI: DSDT 0x00000000BFFF0480 002325 (v02 VBOX   VBOXBIOS 00000002 INTL 20200925)
[    0.000000] ACPI: FACS 0x00000000BFFF0200 000040
[    0.000000] ACPI: FACS 0x00000000BFFF0200 000040
[    0.000000] ACPI: APIC 0x00000000BFFF0240 000064 (v02 VBOX   VBOXAPIC 00000001 ASL  00000061)
[    0.000000] ACPI: SSDT 0x00000000BFFF02B0 0001CC (v01 VBOX   VBOXCPUT 00000002 INTL 20200925)
[    0.000000] ACPI: Reserving FACP table memory at [mem 0xbfff00f0-0xbfff01e3]
[    0.000000] ACPI: Reserving DSDT table memory at [mem 0xbfff0480-0xbfff27a4]
[    0.000000] ACPI: Reserving FACS table memory at [mem 0xbfff0200-0xbfff023f]
[    0.000000] ACPI: Reserving FACS table memory at [mem 0xbfff0200-0xbfff023f]
[    0.000000] ACPI: Reserving APIC table memory at [mem 0xbfff0240-0xbfff02a3]
[    0.000000] ACPI: Reserving SSDT table memory at [mem 0xbfff02b0-0xbfff047b]
[    0.000000] No NUMA configuration found
[    0.000000] Faking a node at [mem 0x0000000000000000-0x00000000bffeffff]
[    0.000000] NODE_DATA(0) allocated [mem 0xbffc5000-0xbffeffff]
[    0.000000] kvm-clock: cpu 0, msr 0:bff44001, primary cpu clock
[    0.000000] kvm-clock: Using msrs 4b564d01 and 4b564d00
[    0.000000] kvm-clock: using sched offset of 4104213524 cycles
[    0.000000] clocksource: kvm-clock: mask: 0xffffffffffffffff max_cycles: 0x1cd42e4dffb, max_idle_ns: 881590591483 ns
[    0.000000] Zone ranges:
[    0.000000]   DMA      [mem 0x0000000000001000-0x0000000000ffffff]
[    0.000000]   DMA32    [mem 0x0000000001000000-0x00000000bffeffff]
[    0.000000]   Normal   empty
[    0.000000]   Device   empty
[    0.000000] Movable zone start for each node
[    0.000000] Early memory node ranges
[    0.000000]   node   0: [mem 0x0000000000001000-0x000000000009efff]
[    0.000000]   node   0: [mem 0x0000000000100000-0x00000000bffeffff]
[    0.000000] Reserved but unavailable: 104 pages
[    0.000000] Initmem setup node 0 [mem 0x0000000000001000-0x00000000bffeffff]
[    0.000000] ACPI: PM-Timer IO Port: 0x4008
[    0.000000] IOAPIC[0]: apic_id 3, version 32, address 0xfec00000, GSI 0-23
[    0.000000] ACPI: INT_SRC_OVR (bus 0 bus_irq 0 global_irq 2 dfl dfl)
[    0.000000] ACPI: INT_SRC_OVR (bus 0 bus_irq 9 global_irq 9 low level)
[    0.000000] Using ACPI (MADT) for SMP configuration information
[    0.000000] smpboot: Allowing 3 CPUs, 0 hotplug CPUs
[    0.000000] PM: Registered nosave memory: [mem 0x00000000-0x00000fff]
[    0.000000] PM: Registered nosave memory: [mem 0x0009f000-0x0009ffff]
[    0.000000] PM: Registered nosave memory: [mem 0x000a0000-0x000effff]
[    0.000000] PM: Registered nosave memory: [mem 0x000f0000-0x000fffff]
[    0.000000] e820: [mem 0xc0000000-0xfebfffff] available for PCI devices
[    0.000000] Booting paravirtualized kernel on KVM
[    0.000000] clocksource: refined-jiffies: mask: 0xffffffff max_cycles: 0xffffffff, max_idle_ns: 7645519600211568 ns
[    0.000000] setup_percpu: NR_CPUS:8192 nr_cpumask_bits:3 nr_cpu_ids:3 nr_node_ids:1
[    0.000000] percpu: Embedded 50 pages/cpu s167936 r8192 d28672 u524288
[    0.000000] PV qspinlock hash table entries: 256 (order: 0, 4096 bytes)
[    0.000000] Built 1 zonelists, mobility grouping on.  Total pages: 774009
[    0.000000] Policy zone: DMA32
[    0.000000] Kernel command line: BOOT_IMAGE=/boot/vmlinuz-4.15.0-212-generic root=LABEL=cloudimg-rootfs ro console=tty1 console=ttyS0
[    0.000000] Memory: 3046828K/3145272K available (12300K kernel code, 2477K rwdata, 4324K rodata, 2480K init, 2720K bss, 98444K reserved, 0K cma-reserved)
[    0.000000] SLUB: HWalign=64, Order=0-3, MinObjects=0, CPUs=3, Nodes=1
[    0.000000] Kernel/User page tables isolation: enabled
[    0.000000] ftrace: allocating 39508 entries in 155 pages
[    0.004000] Hierarchical RCU implementation.
[    0.004000] 	RCU restricting CPUs from NR_CPUS=8192 to nr_cpu_ids=3.
[    0.004000] 	Tasks RCU enabled.
[    0.004000] RCU: Adjusting geometry for rcu_fanout_leaf=16, nr_cpu_ids=3
[    0.004000] NR_IRQS: 524544, nr_irqs: 448, preallocated irqs: 16
[    0.004000] Console: colour VGA+ 80x25
[    0.004000] console [tty1] enabled
[    0.004000] console [ttyS0] enabled
[    0.004000] ACPI: Core revision 20170831
[    0.004000] ACPI: 2 ACPI AML tables successfully acquired and loaded
[    0.004000] APIC: Switch to symmetric I/O mode setup
[    0.004364] x2apic enabled
[    0.005695] Switched APIC routing to physical x2apic.
[    0.008000] ..TIMER: vector=0x30 apic1=0 pin1=2 apic2=-1 pin2=-1
[    0.008012] tsc: Detected 2405.926 MHz processor
[    0.009515] Calibrating delay loop (skipped) preset value.. 4811.85 BogoMIPS (lpj=9623704)
[    0.012006] pid_max: default: 32768 minimum: 301
[    0.016106] Security Framework initialized
[    0.017639] Yama: becoming mindful.
[    0.020046] AppArmor: AppArmor initialized
[    0.024234] Dentry cache hash table entries: 524288 (order: 10, 4194304 bytes)
[    0.029271] Inode-cache hash table entries: 262144 (order: 9, 2097152 bytes)
[    0.032056] Mount-cache hash table entries: 8192 (order: 4, 65536 bytes)
[    0.034106] Mountpoint-cache hash table entries: 8192 (order: 4, 65536 bytes)
[    0.040149] Last level iTLB entries: 4KB 512, 2MB 8, 4MB 8
[    0.042195] Last level dTLB entries: 4KB 512, 2MB 32, 4MB 32, 1GB 0
[    0.044007] Spectre V1 : Mitigation: usercopy/swapgs barriers and __user pointer sanitization
[    0.048005] Spectre V2 : Mitigation: Retpolines
[    0.049643] Spectre V2 : Spectre v2 / SpectreRSB mitigation: Filling RSB on context switch
[    0.052003] Spectre V2 : Spectre v2 / SpectreRSB : Filling RSB on VMEXIT
[    0.056010] Speculative Store Bypass: Vulnerable
[    0.060077] MDS: Mitigation: Clear CPU buffers
[    0.064003] MMIO Stale Data: Unknown: No mitigations
[    0.065979] Freeing SMP alternatives memory: 36K
[    0.176348] APIC calibration not consistent with PM-Timer: 96ms instead of 100ms
[    0.178964] APIC delta adjusted to PM-Timer: 6250762 (6008052)
[    0.180087] smpboot: CPU0: Intel(R) Core(TM) i5-2520M CPU @ 2.50GHz (family: 0x6, model: 0x2a, stepping: 0x7)
[    0.184150] Performance Events: unsupported p6 CPU model 42 no PMU driver, software events only.
[    0.188115] Hierarchical SRCU implementation.
[    0.192737] NMI watchdog: Perf event create on CPU 0 failed with -2
[    0.195049] NMI watchdog: Perf NMI watchdog permanently disabled
[    0.196125] smp: Bringing up secondary CPUs ...
[    0.201173] x86: Booting SMP configuration:
[    0.203014] .... node  #0, CPUs:      #1
[    0.004000] kvm-clock: cpu 1, msr 0:bff44041, secondary cpu clock
[    0.208212]  #2
[    0.004000] kvm-clock: cpu 2, msr 0:bff44081, secondary cpu clock
[    0.216026] smp: Brought up 1 node, 3 CPUs
[    0.217509] smpboot: Max logical packages: 1
[    0.220012] smpboot: Total of 3 processors activated (14435.55 BogoMIPS)
[    0.224343] devtmpfs: initialized
[    0.225408] x86/mm: Memory block size: 128MB
[    0.228503] evm: security.selinux
[    0.232005] evm: security.SMACK64
[    0.233121] evm: security.SMACK64EXEC
[    0.234569] evm: security.SMACK64TRANSMUTE
[    0.236014] evm: security.SMACK64MMAP
[    0.239378] evm: security.apparmor
[    0.240008] evm: security.ima
[    0.241108] evm: security.capability
[    0.244176] clocksource: jiffies: mask: 0xffffffff max_cycles: 0xffffffff, max_idle_ns: 7645041785100000 ns
[    0.248018] futex hash table entries: 1024 (order: 4, 65536 bytes)
[    0.250160] pinctrl core: initialized pinctrl subsystem
[    0.252274] RTC time:  8:55:19, date: 06/14/23
[    0.254216] NET: Registered protocol family 16
[    0.255750] audit: initializing netlink subsys (disabled)
[    0.256073] audit: type=2000 audit(1686732925.458:1): state=initialized audit_enabled=0 res=1
[    0.264023] cpuidle: using governor ladder
[    0.268035] cpuidle: using governor menu
[    0.269678] ACPI: bus type PCI registered
[    0.272006] acpiphp: ACPI Hot Plug PCI Controller Driver version: 0.5
[    0.276175] PCI: Using configuration type 1 for base access
[    0.280491] HugeTLB registered 2.00 MiB page size, pre-allocated 0 pages
[    0.284162] ACPI: Added _OSI(Module Device)
[    0.285586] ACPI: Added _OSI(Processor Device)
[    0.288017] ACPI: Added _OSI(3.0 _SCP Extensions)
[    0.292014] ACPI: Added _OSI(Processor Aggregator Device)
[    0.293945] ACPI: Added _OSI(Linux-Dell-Video)
[    0.295310] ACPI: Added _OSI(Linux-Lenovo-NV-HDMI-Audio)
[    0.296018] ACPI: Added _OSI(Linux-HPI-Hybrid-Graphics)
[    0.304465] ACPI: Executed 1 blocks of module-level executable AML code
[    0.313964] ACPI: Interpreter enabled
[    0.315445] ACPI: (supports S0 S5)
[    0.316006] ACPI: Using IOAPIC for interrupt routing
[    0.320271] PCI: Using host bridge windows from ACPI; if necessary, use "pci=nocrs" and report a bug
[    0.323343] ACPI: Enabled 2 GPEs in block 00 to 07
[    0.339755] ACPI: PCI Root Bridge [PCI0] (domain 0000 [bus 00-ff])
[    0.340015] acpi PNP0A03:00: _OSC: OS supports [ASPM ClockPM Segments MSI]
[    0.344854] acpi PNP0A03:00: _OSC: not requesting OS control; OS requires [ExtendedConfig ASPM ClockPM MSI]
[    0.348022] acpi PNP0A03:00: fail to add MMCONFIG information, can't access extended PCI configuration space under this bridge.
[    0.352662] PCI host bridge to bus 0000:00
[    0.355460] pci_bus 0000:00: root bus resource [io  0x0000-0x0cf7 window]
[    0.356016] pci_bus 0000:00: root bus resource [io  0x0d00-0xffff window]
[    0.360007] pci_bus 0000:00: root bus resource [mem 0x000a0000-0x000bffff window]
[    0.364007] pci_bus 0000:00: root bus resource [mem 0xc0000000-0xfdffffff window]
[    0.368019] pci_bus 0000:00: root bus resource [bus 00-ff]
[    0.374926] pci 0000:00:01.1: legacy IDE quirk: reg 0x10: [io  0x01f0-0x01f7]
[    0.376007] pci 0000:00:01.1: legacy IDE quirk: reg 0x14: [io  0x03f6]
[    0.380005] pci 0000:00:01.1: legacy IDE quirk: reg 0x18: [io  0x0170-0x0177]
[    0.384016] pci 0000:00:01.1: legacy IDE quirk: reg 0x1c: [io  0x0376]
[    0.444056] pci 0000:00:07.0: quirk: [io  0x4000-0x403f] claimed by PIIX4 ACPI
[    0.446706] pci 0000:00:07.0: quirk: [io  0x4100-0x410f] claimed by PIIX4 SMB
[    0.494736] ACPI: PCI Interrupt Link [LNKA] (IRQs 5 9 10 *11)
[    0.498620] ACPI: PCI Interrupt Link [LNKB] (IRQs 5 9 *10 11)
[    0.500234] ACPI: PCI Interrupt Link [LNKC] (IRQs 5 *9 10 11)
[    0.508052] ACPI: PCI Interrupt Link [LNKD] (IRQs 5 9 10 *11)
[    0.511081] SCSI subsystem initialized
[    0.514007] pci 0000:00:02.0: vgaarb: setting as boot VGA device
[    0.514509] pci 0000:00:02.0: vgaarb: VGA device added: decodes=io+mem,owns=io+mem,locks=none
[    0.516023] pci 0000:00:02.0: vgaarb: bridge control possible
[    0.518450] vgaarb: loaded
[    0.520102] ACPI: bus type USB registered
[    0.522002] usbcore: registered new interface driver usbfs
[    0.524034] usbcore: registered new interface driver hub
[    0.528048] usbcore: registered new device driver usb
[    0.532172] EDAC MC: Ver: 3.0.0
[    0.536457] PCI: Using ACPI for IRQ routing
[    0.540407] NetLabel: Initializing
[    0.541927] NetLabel:  domain hash size = 128
[    0.543989] NetLabel:  protocols = UNLABELED CIPSOv4 CALIPSO
[    0.544065] NetLabel:  unlabeled traffic allowed by default
[    0.546185] clocksource: Switched to clocksource kvm-clock
[    0.579829] VFS: Disk quotas dquot_6.6.0
[    0.582850] VFS: Dquot-cache hash table entries: 512 (order 0, 4096 bytes)
[    0.586985] AppArmor: AppArmor Filesystem Enabled
[    0.591712] pnp: PnP ACPI init
[    0.596020] pnp: PnP ACPI: found 3 devices
[    0.615179] clocksource: acpi_pm: mask: 0xffffff max_cycles: 0xffffff, max_idle_ns: 2085701024 ns
[    0.618925] NET: Registered protocol family 2
[    0.620718] IP idents hash table entries: 65536 (order: 7, 524288 bytes)
[    0.626527] TCP established hash table entries: 32768 (order: 6, 262144 bytes)
[    0.630218] TCP bind hash table entries: 32768 (order: 7, 524288 bytes)
[    0.633978] TCP: Hash tables configured (established 32768 bind 32768)
[    0.636701] UDP hash table entries: 2048 (order: 4, 65536 bytes)
[    0.640941] UDP-Lite hash table entries: 2048 (order: 4, 65536 bytes)
[    0.644491] NET: Registered protocol family 1
[    0.646250] pci 0000:00:00.0: Limiting direct PCI/PCI transfers
[    0.648714] pci 0000:00:01.0: Activating ISA DMA hang workarounds
[    0.651215] pci 0000:00:02.0: Video device with shadowed ROM at [mem 0x000c0000-0x000dffff]
[    0.659099] Unpacking initramfs...
[    1.076588] Freeing initrd memory: 19528K
[    1.081354] clocksource: tsc: mask: 0xffffffffffffffff max_cycles: 0x22ae15c5d06, max_idle_ns: 440795289147 ns
[    1.087307] platform rtc_cmos: registered platform RTC device (no PNP device found)
[    1.090270] Scanning for low memory corruption every 60 seconds
[    1.096204] Initialise system trusted keyrings
[    1.097575] Key type blacklist registered
[    1.098979] workingset: timestamp_bits=36 max_order=20 bucket_order=0
[    1.102853] zbud: loaded
[    1.105212] squashfs: version 4.0 (2009/01/31) Phillip Lougher
[    1.111259] fuse init (API version 7.26)
[    1.121360] Key type asymmetric registered
[    1.122904] Asymmetric key parser 'x509' registered
[    1.124765] Block layer SCSI generic (bsg) driver version 0.4 loaded (major 246)
[    1.127702] io scheduler noop registered
[    1.129723] io scheduler deadline registered
[    1.131294] io scheduler cfq registered (default)
[    1.133608] ACPI: AC Adapter [AC] (on-line)
[    1.135250] input: Power Button as /devices/LNXSYSTM:00/LNXPWRBN:00/input/input0
[    1.138099] ACPI: Power Button [PWRF]
[    1.139520] input: Sleep Button as /devices/LNXSYSTM:00/LNXSLPBN:00/input/input1
[    1.142404] ACPI: Sleep Button [SLPF]
[    1.148192] ACPI: Battery Slot [BAT0] (battery present)
[    1.148445] Serial: 8250/16550 driver, 32 ports, IRQ sharing enabled
[    1.177688] 00:02: ttyS0 at I/O 0x3f8 (irq = 4, base_baud = 115200) is a 16550A
[    1.185115] Linux agpgart interface v0.103
[    1.190367] loop: module loaded
[    1.192609] scsi host0: ata_piix
[    1.196344] scsi host1: ata_piix
[    1.197916] ata1: PATA max UDMA/33 cmd 0x1f0 ctl 0x3f6 bmdma 0xd000 irq 14
[    1.200331] ata2: PATA max UDMA/33 cmd 0x170 ctl 0x376 bmdma 0xd008 irq 15
[    1.205099] tun: Universal TUN/TAP device driver, 1.6
[    1.206848] PPP generic driver version 2.4.2
[    1.208508] ehci_hcd: USB 2.0 'Enhanced' Host Controller (EHCI) Driver
[    1.213064] ehci-pci: EHCI PCI platform driver
[    1.215044] ehci-platform: EHCI generic platform driver
[    1.216929] ohci_hcd: USB 1.1 'Open' Host Controller (OHCI) Driver
[    1.221041] ohci-pci: OHCI PCI platform driver
[    1.222683] ohci-platform: OHCI generic platform driver
[    1.224483] uhci_hcd: USB Universal Host Controller Interface driver
[    1.226405] i8042: PNP: PS/2 Controller [PNP0303:PS2K,PNP0f03:PS2M] at 0x60,0x64 irq 1,12
[    1.236829] serio: i8042 KBD port at 0x60,0x64 irq 1
[    1.238643] serio: i8042 AUX port at 0x60,0x64 irq 12
[    1.240610] mousedev: PS/2 mouse device common for all mice
[    1.243083] rtc_cmos rtc_cmos: rtc core: registered rtc_cmos as rtc0
[    1.245910] rtc_cmos rtc_cmos: alarms up to one day, 114 bytes nvram
[    1.248970] i2c /dev entries driver
[    1.250395] input: AT Translated Set 2 keyboard as /devices/platform/i8042/serio0/input/input2
[    1.252841] device-mapper: uevent: version 1.0.3
[    1.259307] device-mapper: ioctl: 4.37.0-ioctl (2017-09-20) initialised: dm-devel@redhat.com
[    1.264831] ledtrig-cpu: registered to indicate activity on CPUs
[    1.270612] NET: Registered protocol family 10
[    1.282188] Segment Routing with IPv6
[    1.286163] NET: Registered protocol family 17
[    1.288247] Key type dns_resolver registered
[    1.290395] mce: Using 0 MCE banks
[    1.291694] RAS: Correctable Errors collector initialized.
[    1.295935] sched_clock: Marking stable (1295874870, 0)->(1721082026, -425207156)
[    1.303027] registered taskstats version 1
[    1.304548] Loading compiled-in X.509 certificates
[    1.314686] Loaded X.509 cert 'Build time autogenerated kernel key: b5b26778eaa3ab3a4a6cee031137706e947d12ad'
[    1.322245] Loaded X.509 cert 'Canonical Ltd. Live Patch Signing: 14df34d1a87cf37625abec039ef2bf521249b969'
[    1.326316] Loaded X.509 cert 'Canonical Ltd. Kernel Module Signing: 88f752e560a1e0737e31163a466ad7b70a850c19'
[    1.330501] blacklist: Loading compiled-in revocation X.509 certificates
[    1.333027] Loaded X.509 cert 'Canonical Ltd. Secure Boot Signing: 61482aa2830d0ab2ad5af10b7250da9033ddcef0'
[    1.338875] Loaded X.509 cert 'Canonical Ltd. Secure Boot Signing (2017): 242ade75ac4a15e50d50c84b0d45ff3eae707a03'
[    1.342151] Loaded X.509 cert 'Canonical Ltd. Secure Boot Signing (ESM 2018): 365188c1d374d6b07c3c8f240f8ef722433d6a8b'
[    1.347396] Loaded X.509 cert 'Canonical Ltd. Secure Boot Signing (2019): c0746fd6c5da3ae827864651ad66ae47fe24b3e8'
[    1.353439] Loaded X.509 cert 'Canonical Ltd. Secure Boot Signing (2021 v1): a8d54bbb3825cfb94fa13c9f8a594a195c107b8d'
[    1.357018] Loaded X.509 cert 'Canonical Ltd. Secure Boot Signing (2021 v2): 4cf046892d6fd3c9a5b03f98d845f90851dc6a8c'
[    1.362498] Loaded X.509 cert 'Canonical Ltd. Secure Boot Signing (2021 v3): 100437bb6de6e469b581e61cd66bce3ef4ed53af'
[    1.366229] Loaded X.509 cert 'Canonical Ltd. Secure Boot Signing (Ubuntu Core 2019): c1d57b8f6b743f23ee41f4f7ee292f06eecadfb9'
[    1.373295] zswap: loaded using pool lzo/zbud
[    1.406646] Key type big_key registered
[    1.408155] Key type trusted registered
[    1.415104] Key type encrypted registered
[    1.416649] AppArmor: AppArmor sha1 policy hashing enabled
[    1.420856] ima: No TPM chip found, activating TPM-bypass! (rc=-19)
[    1.423463] ima: Allocated hash algorithm: sha1
[    1.425229] evm: HMAC attrs: 0x1
[    1.426887]   Magic number: 11:788:927
[    1.428563] rtc_cmos rtc_cmos: setting system clock to 2023-06-14 08:55:20 UTC (1686732920)
[    1.431965] BIOS EDD facility v0.16 2004-Jun-25, 0 devices found
[    1.435799] EDD information not available.
[    1.441561] Freeing unused kernel image memory: 2480K
[    1.460803] Write protecting the kernel read-only data: 20480k
[    1.464543] Freeing unused kernel image memory: 2008K
[    1.468990] Freeing unused kernel image memory: 1820K
[    1.482279] x86/mm: Checked W+X mappings: passed, no W+X pages found.
[    1.486844] x86/mm: Checking user space page tables
[    1.499410] x86/mm: Checked W+X mappings: passed, no W+X pages found.
Loading, please wait...
starting version 237
[    1.685005] Fusion MPT base driver 3.04.20
[    1.687557] Copyright (c) 1999-2008 LSI Corporation
[    1.693686] e1000: Intel(R) PRO/1000 Network Driver - version 7.3.21-k8-NAPI
[    1.701446] e1000: Copyright (c) 1999-2006 Intel Corporation.
[    1.718641] Fusion MPT SPI Host driver 3.04.20
[    1.731928] AVX version of gcm_enc/dec engaged.
[    1.736722] AES CTR mode by8 optimization enabled
[    1.927383] input: ImExPS/2 Generic Explorer Mouse as /devices/platform/i8042/serio1/input/input4
[    2.183451] e1000 0000:00:03.0 eth0: (PCI:33MHz:32-bit) 02:3b:7b:b7:3b:2d
[    2.186174] e1000 0000:00:03.0 eth0: Intel(R) PRO/1000 Network Connection
[    3.024686] e1000 0000:00:08.0 eth1: (PCI:33MHz:32-bit) 08:00:27:64:6d:5e
[    3.028791] e1000 0000:00:08.0 eth1: Intel(R) PRO/1000 Network Connection
[    3.035568] e1000 0000:00:03.0 enp0s3: renamed from eth0
[    3.036741] mptbase: ioc0: Initiating bringup
[    3.061348] e1000 0000:00:08.0 enp0s8: renamed from eth1
[    3.136948] ioc0: LSI53C1030 A0: Capabilities={Initiator}
[    3.379439] scsi host2: ioc0: LSI53C1030 A0, FwRev=00000000h, Ports=1, MaxQ=256, IRQ=20
[    3.553857] scsi 2:0:0:0: Direct-Access     VBOX     HARDDISK         1.0  PQ: 0 ANSI: 5
[    3.943939] scsi target2:0:0: Beginning Domain Validation
[    3.954425] scsi target2:0:0: Domain Validation skipping write tests
[    3.960738] scsi target2:0:0: Ending Domain Validation
[    3.967156] scsi target2:0:0: asynchronous
[    3.977027] scsi 2:0:1:0: Direct-Access     VBOX     HARDDISK         1.0  PQ: 0 ANSI: 5
[    4.226983] scsi target2:0:1: Beginning Domain Validation
[    4.244409] scsi target2:0:1: Domain Validation skipping write tests
[    4.249202] scsi target2:0:1: Ending Domain Validation
[    4.252752] scsi target2:0:1: asynchronous
[    4.267881] sd 2:0:0:0: Attached scsi generic sg0 type 0
[    4.267891] sd 2:0:0:0: [sda] 83886080 512-byte logical blocks: (42.9 GB/40.0 GiB)
[    4.305758] sd 2:0:1:0: [sdb] 20480 512-byte logical blocks: (10.5 MB/10.0 MiB)
[    4.305789] sd 2:0:1:0: Attached scsi generic sg1 type 0
[    4.306870] sd 2:0:0:0: [sda] Write Protect is off
[    4.309308] sd 2:0:1:0: [sdb] Write Protect is off
[    4.322870] sd 2:0:0:0: [sda] Incomplete mode parameter data
[    4.344015] sd 2:0:0:0: [sda] Assuming drive cache: write through
[    4.373967] sd 2:0:1:0: [sdb] Incomplete mode parameter data
[    4.381012] sd 2:0:1:0: [sdb] Assuming drive cache: write through
[    4.388776]  sda: sda1
[    4.391344] sd 2:0:0:0: [sda] Attached SCSI disk
[    4.394403] sd 2:0:1:0: [sdb] Attached SCSI disk
Begin: Loading essential drivers ... [    6.412290] raid6: sse2x1   gen()  3416 MB/s
[    6.461468] raid6: sse2x1   xor()  3758 MB/s
[    6.508611] raid6: sse2x2   gen()  7657 MB/s
[    6.556396] raid6: sse2x2   xor()  5036 MB/s
[    6.606294] raid6: sse2x4   gen()  8012 MB/s
[    6.652341] raid6: sse2x4   xor()  5482 MB/s
[    6.654192] raid6: using algorithm sse2x4 gen() 8012 MB/s
[    6.656561] raid6: .... xor() 5482 MB/s, rmw enabled
[    6.658422] raid6: using ssse3x2 recovery algorithm
[    6.664178] xor: automatically using best checksumming function   avx       
[    6.670783] async_tx: api initialized (async)
done.
Begin: Running /scripts/init-premount ... done.
Begin: Mounting root file system ... Begin: Running /scripts/local-top ... done.
Begin: Running /scripts/local-premount ... [    6.770926] Btrfs loaded, crc32c=crc32c-intel
Scanning for Btrfs filesystems
done.
Warning: fsck not present, so skipping root file system
[    6.846141] EXT4-fs (sda1): mounted filesystem with ordered data mode. Opts: (null)
done.
Begin: Running /scripts/local-bottom ... done.
Begin: Running /scripts/init-bottom ... done.
[    7.185608] ip_tables: (C) 2000-2006 Netfilter Core Team
[    7.247201] systemd[1]: systemd 237 running in system mode. (+PAM +AUDIT +SELINUX +IMA +APPARMOR +SMACK +SYSVINIT +UTMP +LIBCRYPTSETUP +GCRYPT +GNUTLS +ACL +XZ +LZ4 +SECCOMP +BLKID +ELFUTILS +KMOD -IDN2 +IDN -PCRE2 default-hierarchy=hybrid)
[    7.259929] systemd[1]: Detected virtualization oracle.
[    7.262030] systemd[1]: Detected architecture x86-64.

Welcome to [1mUbuntu 18.04.6 LTS[0m!

[    7.280487] systemd[1]: Set hostname to <ubuntu>.
[    7.286734] random: systemd: uninitialized urandom read (16 bytes read)
[    7.289096] systemd[1]: Initializing machine ID from random generator.
[    7.294391] systemd[1]: Installed transient /etc/machine-id file.
[    8.015212] random: systemd: uninitialized urandom read (16 bytes read)
[    8.017961] systemd[1]: Started Forward Password Requests to Wall Directory Watch.
[[0;32m  OK  [0m] Started Forward Password Requests to Wall Directory Watch.
[    8.027009] random: systemd: uninitialized urandom read (16 bytes read)
[    8.029921] systemd[1]: Reached target User and Group Name Lookups.
[[0;32m  OK  [0m] Reached target User and Group Name Lookups.
[    8.048799] systemd[1]: Reached target Mounting snaps.
[[0;32m  OK  [0m] Reached target Mounting snaps.
[    8.063161] systemd[1]: Created slice User and Session Slice.
[[0;32m  OK  [0m] Created slice User and Session Slice.
[[0;32m  OK  [0m] Created slice System Slice.
[[0;32m  OK  [0m] Listening on udev Control Socket.
[[0;32m  OK  [0m] Listening on Journal Audit Socket.
[[0;32m  OK  [0m] Listening on LVM2 metadata daemon socket.
[[0;32m  OK  [0m] Listening on LVM2 poll daemon socket.
[[0;32m  OK  [0m] Listening on Device-mapper event daemon FIFOs.
[[0;32m  OK  [0m] Created slice system-serial\x2dgetty.slice.
[[0;32m  OK  [0m] Listening on Journal Socket.
         Mounting POSIX Message Queue File System...
[[0;32m  OK  [0m] Reached target Swap.
[[0;32m  OK  [0m] Listening on /dev/initctl Compatibility Named Pipe.
[[0;32m  OK  [0m] Reached target System Time Synchronized.
         Mounting Huge Pages File System...
[[0;32m  OK  [0m] Reached target Slices.
[[0;32m  OK  [0m] Listening on Syslog Socket.
[[0;32m  OK  [0m] Set up automount Arbitrary Executab…rmats File System Automount Point.
[[0;32m  OK  [0m] Listening on Journal Socket (/dev/log).
         Starting Journal Service...
         Mounting Kernel Debug File System...
         Starting Monitoring of LVM2 mirrors…ng dmeventd or progress polling...
[[0;32m  OK  [0m] Listening on udev Kernel Socket.
         Starting udev Coldplug all Devices...
         Starting Set the console keyboard layout...
[[0;32m  OK  [0m] Listening on Network Service Netlink Socket.
         Starting Uncomplicated firewall...
[    8.290915] random: systemd: uninitialized urandom read (16 bytes read)
         Startin[    8.299148] random: systemd-journal: uninitialized urandom read (16 bytes read)
g Load Kernel Modules...
[    8.307758] random: systemd: uninitialized urandom read (16 bytes read)
         Starting Create list of required st…ce nodes for the current kernel...
[[0;32m  OK  [0m] Listening on fsck to fsckd communication Socket.
         Starting File System Check on Root Device...
[[0;32m  OK  [0m] Reached target Mounted snaps.
[[0;32m  OK  [0m] Started Journal Service.
[[0;32m  OK  [0m] Mounted POSIX Message Queue File System.
[[0;32m  OK  [0m] Mounted Huge Pages File System.
[[0;32m  OK  [0m] Mounted Kernel Debug File System.
[[0;32m  OK  [0m] Started Uncomplicated firewall.
[    8.378702] Loading iSCSI transport class v2.0-870.
[[0;32m  OK  [0m] Started Create list of required sta…vice nodes for the current kernel.
[[0;32m  OK  [0m] Started File System Check Daemon to report status.
[[0;32m  OK  [0m] Started LVM2 metadata daemon.
         Starting Create Static Device Nodes in /dev...
[    8.439277] iscsi: registered transport (tcp)
[[0;32m  OK  [0m] Started udev Coldplug all Devices.
[[0;32m  OK  [0m] Started File System Check on Root Device.
         Starting Remount Root and Kernel File Systems...
[[0;32m  OK  [0m] Started Create Static Device Nodes in /dev.
[    8.655517] EXT4-fs (sda1): re-mounted. Opts: (null)
[[0;32m  OK  [0m] Started Remount Root and Kernel File Systems.
[    8.677529] iscsi: registered transport (iser)
[[0;32m  OK  [0m] Started Monitoring of LVM2 mirrors,…sing dmeventd or progress polling.
[[0;32m  OK  [0m] Started Load Kernel Modules.
         Mounting Kernel Configuration File System...
         Starting Apply Kernel Variables...
         Mounting FUSE Control File System...
         Starting Load/Save Random Seed...
         Starting udev Kernel Device Manager...
         Starting Flush Journal to Persistent Storage...
[[0;32m  OK  [0m] Mounted Kernel Configuration File System.
[[0;32m  OK  [0m] Mounted FUSE Control File System.
[[0;32m  OK  [0m] Started Load/Save Random Seed.
[    8.781723] systemd-journald[419]: Received request to flush runtime journal from PID 1
[[0;32m  OK  [0m] Started udev Kernel Device Manager.
[[0;32m  OK  [0m] Started Apply Kernel Variables.
[[0;32m  OK  [0m] Started Flush Journal to Persistent Storage.
[[0;32m  OK  [0m] Found device /dev/ttyS0.
[[0;32m  OK  [0m] Listening on Load/Save RF Kill Switch Status /dev/rfkill Watch.
         Mounting Arbitrary Executable File Formats File System...
[[0;32m  OK  [0m] Mounted Arbitrary Executable File Formats File System.
[[0;32m  OK  [0m] Started Set the console keyboard layout.
[[0;32m  OK  [0m] Reached target Local File Systems (Pre).
[[0;32m  OK  [0m] Reached target Local File Systems.
         Starting Set console font and keymap...
         Starting Commit a transient machine-id on disk...
         Starting AppArmor initialization...
         Starting Tell Plymouth To Write Out Runtime Data...
         Starting Create Volatile Files and Directories...
         Starting ebtables ruleset management...
[[0;32m  OK  [0m] Started Dispatch Password Requests to Console Directory Watch.
[[0;32m  OK  [0m] Reached target Local Encrypted Volumes.
[[0;32m  OK  [0m] Started Tell Plymouth To Write Out Runtime Data.
[[0;32m  OK  [0m] Started Commit a transient machine-id on disk.
[[0;32m  OK  [0m] Started Create Volatile Files and Directories.
         Starting Update UTMP about System Boot/Shutdown...
[[0;32m  OK  [0m] Started Update UTMP about System Boot/Shutdown.
[[0;32m  OK  [0m] Started ebtables ruleset management.
[[0;32m  OK  [0m] Started AppArmor initialization.
         Starting Load AppArmor profiles managed internally by snapd...
         Starting Initial cloud-init job (pre-networking)...
[[0;32m  OK  [0m] Started Load AppArmor profiles managed internally by snapd.
[[0;32m  OK  [0m] Started Set console font and keymap.
[   17.079962] cloud-init[673]: Cloud-init v. 23.1.2-0ubuntu0~18.04.1 running 'init-local' at Wed, 14 Jun 2023 08:55:35 +0000. Up 15.93 seconds.
[[0;32m  OK  [0m] Started Initial cloud-init job (pre-networking).
[[0;32m  OK  [0m] Reached target Network (Pre).
         Starting Network Service...
[[0;32m  OK  [0m] Started Network Service.
         Starting Wait for Network to be Configured...
         Starting Network Name Resolution...
[[0;32m  OK  [0m] Started Network Name Resolution.
[[0;32m  OK  [0m] Reached target Network.
[[0;32m  OK  [0m] Reached target Host and Network Name Lookups.
[[0;32m  OK  [0m] Started Wait for Network to be Configured.
         Starting Initial cloud-init job (metadata service crawler)...
[   20.721169] cloud-init[973]: Cloud-init v. 23.1.2-0ubuntu0~18.04.1 running 'init' at Wed, 14 Jun 2023 08:55:39 +0000. Up 20.05 seconds.
[   20.727837] cloud-init[973]: ci-info: ++++++++++++++++++++++++++++++++++++++Net device info+++++++++++++++++++++++++++++++++++++++
[   20.739798] cloud-init[973]: ci-info: +--------+-------+----------------------------+---------------+--------+-------------------+
[   20.754955] cloud-init[973]: ci-info: | Device |   Up  |          Address           |      Mask     | Scope  |     Hw-Address    |
[   20.772452] cloud-init[973]: ci-info: +--------+-------+----------------------------+---------------+--------+-------------------+
[   20.778215] cloud-init[973]: ci-info: | enp0s3 |  True |         10.0.2.15          | 255.255.255.0 | global | 02:3b:7b:b7:3b:2d |
[   20.781681] cloud-init[973]: ci-info: | enp0s3 |  True | fe80::3b:7bff:feb7:3b2d/64 |       .       |  link  | 02:3b:7b:b7:3b:2d |
[   20.787511] cloud-init[973]: ci-info: | enp0s8 | False |             .              |       .       |   .    | 08:00:27:64:6d:5e |
[   20.800385] cloud-init[973]: ci-info: |   lo   |  True |         127.0.0.1          |   255.0.0.0   |  host  |         .         |
[   20.810713] cloud-init[973]: ci-info: |   lo   |  True |          ::1/128           |       .       |  host  |         .         |
[   20.821000] cloud-init[973]: ci-info: +--------+-------+----------------------------+---------------+--------+-------------------+
[   20.829433] cloud-init[973]: ci-info: ++++++++++++++++++++++++++++Route IPv4 info+++++++++++++++++++++++++++++
[   20.832405] cloud-init[973]: ci-info: +-------+-------------+----------+-----------------+-----------+-------+
[   20.837312] cloud-init[973]: ci-info: | Route | Destination | Gateway  |     Genmask     | Interface | Flags |
[   20.843728] cloud-init[973]: ci-info: +-------+-------------+----------+-----------------+-----------+-------+
[   20.847354] cloud-init[973]: ci-info: |   0   |   0.0.0.0   | 10.0.2.2 |     0.0.0.0     |   enp0s3  |   UG  |
[   20.855330] cloud-init[973]: ci-info: |   1   |   10.0.2.0  | 0.0.0.0  |  255.255.255.0  |   enp0s3  |   U   |
[   20.862011] cloud-init[973]: ci-info: |   2   |   10.0.2.2  | 0.0.0.0  | 255.255.255.255 |   enp0s3  |   UH  |
[   20.864348] cloud-init[973]: ci-info: +-------+-------------+----------+-----------------+-----------+-------+
[   20.868505] cloud-init[973]: ci-info: +++++++++++++++++++Route IPv6 info+++++++++++++++++++
[   20.870536] cloud-init[973]: ci-info: +-------+-------------+---------+-----------+-------+
[   20.876287] cloud-init[973]: ci-info: | Route | Destination | Gateway | Interface | Flags |
[   20.884586] cloud-init[973]: ci-info: +-------+-------------+---------+-----------+-------+
[   20.886986] cloud-init[973]: ci-info: |   1   |  fe80::/64  |    ::   |   enp0s3  |   U   |
[   20.890335] cloud-init[973]: ci-info: |   3   |    local    |    ::   |   enp0s3  |   U   |
[   20.895067] cloud-init[973]: ci-info: |   4   |   ff00::/8  |    ::   |   enp0s3  |   U   |
[   20.897738] cloud-init[973]: ci-info: +-------+-------------+---------+-----------+-------+
[   29.444028] cloud-init[973]: Generating public/private rsa key pair.
[   29.456408] cloud-init[973]: Your identification has been saved in /etc/ssh/ssh_host_rsa_key.
[   29.458332] cloud-init[973]: Your public key has been saved in /etc/ssh/ssh_host_rsa_key.pub.
[   29.466735] cloud-init[973]: The key fingerprint is:
[   29.471792] cloud-init[973]: SHA256:Jr7LJsc4il1/xcC1MnBGr994Pl0iLN5UMOK8LQhc0N0 root@ubuntu-bionic
[   29.476892] cloud-init[973]: The key's randomart image is:
[   29.492358] cloud-init[973]: +---[RSA 2048]----+
[   29.496937] cloud-init[973]: |      .+.. .     |
[   29.512549] cloud-init[973]: |      . =.+ E    |
[   29.527712] cloud-init[973]: |     . * +.o o   |
[   29.529235] cloud-init[973]: |      o =.+   .  |
[   29.531638] cloud-init[973]: |      ..S* + .   |
[   29.539432] cloud-init[973]: |     . o..*o= . .|
[   29.553041] cloud-init[973]: |    .o.  oo=oo o |
[   29.561377] cloud-init[973]: | o .+o+.. .oo .  |
[   29.563072] cloud-init[973]: |. o. ==o    ..   |
[   29.564710] cloud-init[973]: +----[SHA256]-----+
[   29.568728] cloud-init[973]: Generating public/private dsa key pair.
[   29.572593] [[0;32m  OK  [0m] Started Initial cloud-init job (metadata service crawler).
cloud-init[[0;32m  OK  [0m] Reached target Network is Online.
[973]: Your identification has been saved in /etc/ssh/ssh_host_dsa_key.
[   29.580540] cloud-init[973]: Your public key has been saved in /etc/ssh/ssh_host_dsa_key.pub.
[   29.583005] cloud-init[973]: The key fingerprint is:
[   29.584640] cloud-init[973]: SHA256:UANCk67g5IDX6yu9eKTYUz9e4Sucwd4M1mPknErk2hk root@ubuntu-bionic
[   29.587954] cloud-init[973]: The key's randomart image is:
[   29.601069] cloud-init[973]: +---[DSA 1024]----+
[   29.604850] cloud-init[973]: |   .+...o        |
[   29.606253] cloud-init[973]: |    .o . .       |
[   29.607763] cloud-init[973]: |.  o  .          |
[   29.609254] cloud-init[973]: |+.. o ...        |
[   29.611647] cloud-init[973]: |=o . = =S.       |
[   29.613858] cloud-init[973]: | o. + E.B.       |
[[0;32m  OK  [0m] Reached target Remote File Systems (Pre).
[   29.690129] cloud-init[973]: [| o * O @o.       |[0;32m  OK  [0m
] Reached target Remote File Systems.
[   29.701081] cloud-init         Starting Availability of block devices...
[973]: |. =.= @.o.       |
[[0;32m  OK  [0m] Reached target Cloud-config availability.
[[0;32m  OK  [0m] Reached target System Initialization.
[[0;32m  OK  [0m] Listening on UUID daemon activation socket.
[[0;32m  OK  [0m] Listening on ACPID Listen Socket.
[[0;32m  OK  [0m] Started Daily Cleanup of Temporary Directories.
[[0;32m  OK  [0m] Listening on cloud-init hotplug hook socket.
[[0;32m  OK  [0m] Started Discard unused blocks once a week.
[[0;32m  OK  [0m] Listening on D-Bus System Message Bus Socket.
[[0;32m  OK  [0m] Started Daily apt download activities.
         Starting LXD - unix socket.
[[0;32m  OK  [0m] Started Ubuntu Advantage Timer for running repeated jobs.
[[0;32m  OK  [0m] Started Daily apt upgrade and clean activities.
[[0;32m  OK  [0m] Listening on Open-iSCSI iscsid Socket.
         Starting Socket activation for snappy daemon.
[[0;32m  OK  [0m] Started Message of the Day.
[[0;32m  OK  [0m] Reached target Timers.
[   29.765245] cloud-init[973]: |  .+o+.o.        |
[   29.840951] cloud-init[973]: +----[SHA256]-----+
[   29.844330] [cloud-init[0;32m  OK  [0m[973]: ] Generating public/private ecdsa key pair.Started ACPI Events Check.

[   29.844545] cloud-init[973]: Your identification has been saved in /etc/ssh/ssh_host_ecdsa_key.
[[0;32m  OK  [0m] Reached target Paths.
[   29.861549] cloud-init[973]: Your public key has been saved in /etc/ssh/ssh_host_ecdsa_key.pub.
[[0;32m  OK  [0m] Started Availability of block devices.
[   29.869052] cloud-init[973]: The key fingerprint is:
[[0;32m  OK  [0m] Listening on LXD - unix socket.
[   29.871642] cloud-init[973]: SHA256:jl0m7xJ8S3GkwB71lCWd+tMMWHwHu30wdpnnbsvK7fA root@ubuntu-bionic
[   29.879843] [cloud-init[0;32m  OK  [0m[973]: ] The key's randomart image is:Listening on Socket activation for snappy daemon.

[[0;32m  OK  [0m] Reached target Sockets.
[   29.885786] cloud-init[973]: +---[ECDSA 256]---+
[[0;32m  OK  [0m] Reached target Basic System.
[   29.887817] cloud-init[973]: |       . .. o=oo |
[   29.891218] cloud-init[973]: |        +  oo.=.=|
[[0;32m  OK  [0m] Started D-Bus System Message Bus.
[   29.897491] cloud-init[973]: |       . o o.+=++|
[   29.902412] cloud-init[973]: |        . o +..B.|
[   29.905096] cloud-init[973]: |       .S oo ..++|
[   29.906745] cloud-init[973]: |       +o=o   o.+|
[   29.908625] cloud-init[973]: |      . o+.. . .o|
[   29.911068] cloud-init[973]: |        ... . =..|
[   29.913445] cloud-init[973]: |         ..  ooE |
[   29.917317] cloud-init[973]: +----[SHA256]-----+
[   29.918688] cloud-init[973]: Generating public/private ed25519 key pair.
[   29.920701] cloud-init[973]: Your identification has been saved in /etc/ssh/ssh_host_ed25519_key.
[   29.924868] cloud-init[973]: Your public key has been saved in /etc/ssh/ssh_host_ed25519_key.pub.
[   29.935586] cloud-init[973]: The key fingerprint is:
[   29.944758] cloud-init[973]: SHA256:/QSYDv8RknRwHlRGomHXd+unKSNx6cgiQAYQzZVX6nU root@ubuntu-bionic
[   29.952470] cloud-init[973]: The key's randomart image is:
[   29.966821] cloud-init[973]: +--[ED25519 256]--+
[   29.968200] cloud-init[973]: |o= ... .*oB++    |
[   29.969609] cloud-init[973]: |  + . .+ @ +. . .|
[   29.970985] cloud-init[973]: |   . .o B E  . ..|
[   29.974919] cloud-init[973]: |    o. = + o   . |
[   29.976667] cloud-init[973]: |   o  . S o ...  |
[   29.977979] cloud-init[973]: |    .    ..+o  ..|
[   29.979171] cloud-init[973]: |     .   ..=.  o.|
[   29.983290] cloud-init[973]: |      . . + + o  |
[   29.986288] cloud-init[973]: |       . . . o   |
[   29.987376] cloud-init[973]: +----[SHA256]-----+
         Starting Login Service...
[[0;32m  OK  [0m] Reached target Login Prompts (Pre).
         Starting Accounts Service...
         Starting System Logging Service...
[[0;32m  OK  [0m] Started Regular background program processing daemon.
         Starting Dispatcher daemon for systemd-networkd...
         Starting Virtualbox guest utils...
[[0;32m  OK  [0m] Started Deferred execution scheduler.
         Starting Permit User Sessions...
         Starting Snap Daemon...
         Starting LSB: Record successful boot for GRUB...
         Starting LSB: automatic crash report generation...
         Starting Pollinate to seed the pseudo random number generator...
[[0;32m  OK  [0m] Started FUSE filesystem for LXC.
[[0;32m  OK  [0m] Started irqbalance daemon.
         Starting LXD - container startup/shutdown...
[[0;32m  OK  [0m] Started System Logging Service.
[[0;32m  OK  [0m] Started Permit User Sessions.
[[0;32m  OK  [0m] Started Login Service.
         Starting Authorization Manager...
[[0;32m  OK  [0m] Started Unattended Upgrades Shutdown.
         Starting Hold until boot process finishes up...
         Starting Terminate Plymouth Boot Screen...
[[0;32m  OK  [0m] Started LSB: automatic crash report generation.
[[0;32m  OK  [0m] Started Hold until boot process finishes up.
[[0;32m  OK  [0m] Started Terminate Plymouth Boot Screen.
         Starting Set console scheme...
[[0;32m  OK  [0m] Started Serial Getty on ttyS0.
[[0;32m  OK  [0m] Started Set console scheme.
[[0;32m  OK  [0m] Created slice system-getty.slice.
[[0;32m  OK  [0m] Started Getty on tty1.
[[0;32m  OK  [0m] Reached target Login Prompts.
[[0;32m  OK  [0m] Started Authorization Manager.
[[0;32m  OK  [0m] Started Accounts Service.
[[0;32m  OK  [0m] Started LSB: Record successful boot for GRUB.
[[0;32m  OK  [0m] Started Virtualbox guest utils.
[[0;32m  OK  [0m] Started Dispatcher daemon for systemd-networkd.
[[0;32m  OK  [0m] Started LXD - container startup/shutdown.
[[0;32m  OK  [0m] Started Snap Daemon.
         Starting Wait until snapd is fully seeded...
[[0;32m  OK  [0m] Started Pollinate to seed the pseudo random number generator.
         Starting OpenBSD Secure Shell server...
[[0;32m  OK  [0m] Started OpenBSD Secure Shell server.
[[0;32m  OK  [0m] Created slice User Slice of vagrant.
         Starting User Manager for UID 1000...
[[0;32m  OK  [0m] Started Session 1 of user vagrant.
[[0;32m  OK  [0m] Started User Manager for UID 1000.
         Starting Time & Date Service...
[[0;32m  OK  [0m] Started Time & Date Service.

Ubuntu 18.04.6 LTS ubuntu-bionic ttyS0

ubuntu-bionic login: [   45.277800] cloud-init[1559]: Cloud-init v. 23.1.2-0ubuntu0~18.04.1 running 'modules:config' at Wed, 14 Jun 2023 08:55:58 +0000. Up 39.86 seconds.
ci-info: no authorized SSH keys fingerprints found for user ubuntu.
<14>Jun 14 08:56:10 cloud-init: #############################################################
<14>Jun 14 08:56:10 cloud-init: -----BEGIN SSH HOST KEY FINGERPRINTS-----
<14>Jun 14 08:56:10 cloud-init: 1024 SHA256:UANCk67g5IDX6yu9eKTYUz9e4Sucwd4M1mPknErk2hk root@ubuntu-bionic (DSA)
<14>Jun 14 08:56:10 cloud-init: 256 SHA256:jl0m7xJ8S3GkwB71lCWd+tMMWHwHu30wdpnnbsvK7fA root@ubuntu-bionic (ECDSA)
<14>Jun 14 08:56:10 cloud-init: 256 SHA256:/QSYDv8RknRwHlRGomHXd+unKSNx6cgiQAYQzZVX6nU root@ubuntu-bionic (ED25519)
<14>Jun 14 08:56:10 cloud-init: 2048 SHA256:Jr7LJsc4il1/xcC1MnBGr994Pl0iLN5UMOK8LQhc0N0 root@ubuntu-bionic (RSA)
<14>Jun 14 08:56:10 cloud-init: -----END SSH HOST KEY FINGERPRINTS-----
<14>Jun 14 08:56:10 cloud-init: #############################################################
-----BEGIN SSH HOST KEY KEYS-----
ecdsa-sha2-nistp256 AAAAE2VjZHNhLXNoYTItbmlzdHAyNTYAAAAIbmlzdHAyNTYAAABBBDDHxbO/KV/MLdq5HxZezdQmckuonUZOSyjH5uOxs6YLMg3Sa1Fm8bvADsWphqpxX+/Z7/pV747DhgAlqP4qH0I= root@ubuntu-bionic
ssh-ed25519 AAAAC3NzaC1lZDI1NTE5AAAAINAyN4L13lxqiXABurm9q0THzlCYtyxTJnDfQNo/Gf1S root@ubuntu-bionic
ssh-rsa AAAAB3NzaC1yc2EAAAADAQABAAABAQD9230dnelyOi9jnMLKkllOFoR5l3Z02DW+1TrFZ8+Eg46IwLSHj7mmZE+2vJAGbubVHitZRpizLcJundUUYfAjgtEPSmcG2L9P7BsJhKMYXNPM71fQSGOVUrnrDUHoOo09CljlUEuLQMzVJY3Ll9A3geHxfakA5B3p5hgqVtrpoFzuDqQvGIO++9M0/qEIGLP2OzFc/3lDhB2UHsJmY3S2JLOVpyc17Ul6DslFSDfSfHil/uqDWQTOU/IIZcsyfEj4yUTOurLKeyD39//BdlAXZC6RsoeEOB3PxPbHfzhb7lVElsqF7msqEWNX0QEigWkAKpg/En1NvnhLjxf4AW2R root@ubuntu-bionic
-----END SSH HOST KEY KEYS-----
[   51.981653] cloud-init[1794]: Cloud-init v. 23.1.2-0ubuntu0~18.04.1 running 'modules:final' at Wed, 14 Jun 2023 08:56:05 +0000. Up 46.63 seconds.
[   51.981832] cloud-init[1794]: Cloud-init v. 23.1.2-0ubuntu0~18.04.1 finished at Wed, 14 Jun 2023 08:56:11 +0000. Datasource DataSourceNoCloud [seed=/dev/sdb][dsmode=net].  Up 51.95 s[27968.526038] e1000 0000:00:08.0 enp0s8: Reset adapter
dapter
[27574.569867] e1000 0000:00:08.0 enp0s8: Reset adapter
